Uniform RMS: 1.4846288301413603E-16
Exponential RMS: 1.809727316748456E-16
Uniform RMS: 3.35450942503807E-8
Exponential RMS: 2.3790948513841666E-11
Uniform RMS: 1.186248742370723E-16
Exponential RMS: 1.2836000251039783E-16
Uniform RMS: 3.9587241292070237E-4
Exponential RMS: 1.6585606508682696E-6
Uniform RMS: 0.0
Exponential RMS: 0.0
THREADS = 64
DEBUG_LIFECYCLE = true
DOUBLE_CACHE_MODE = WEAK
Initialized RefSettings = {
  "doubleCacheMode" : "WEAK"
}
0 - [0, 0, 0]
1 - [1, 0, 0]
2 - [0, 1, 0]
3 - [1, 1, 0]
4 - [0, 0, 1]
5 - [1, 0, 1]
6 - [0, 1, 1]
7 - [1, 1, 1]
