Uniform RMS: 1.386202302054796E-16
Exponential RMS: 1.7792764850555692E-16
Uniform RMS: 1.8574131501609444E-8
Exponential RMS: 2.523100225704002E-11
Uniform RMS: 3.525985796277503E-17
Exponential RMS: 6.854482782318515E-17
Uniform RMS: 4.8368967583798864E-4
Exponential RMS: 1.616886981750496E-6
Uniform RMS: 0.0
Exponential RMS: 0.0
THREADS = 64
DEBUG_LIFECYCLE = true
DOUBLE_CACHE_MODE = WEAK
Initialized RefSettings = {
  "doubleCacheMode" : "WEAK"
}
0 - [0, 0, 0]
1 - [1, 0, 0]
2 - [0, 1, 0]
3 - [1, 1, 0]
4 - [0, 0, 1]
5 - [1, 0, 1]
6 - [0, 1, 1]
7 - [1, 1, 1]
