Uniform RMS: 1.5566413850641809E-16
Exponential RMS: 1.8102761714100593E-16
Uniform RMS: 3.037107523517869E-7
Exponential RMS: 2.404003351975242E-11
Uniform RMS: 1.4835187926049528E-16
Exponential RMS: 1.5920590003317683E-16
Uniform RMS: 0.0010444736806348117
Exponential RMS: 1.6263745203905058E-6
Uniform RMS: 0.0
Exponential RMS: 0.0
THREADS = 64
DEBUG_LIFECYCLE = true
DOUBLE_CACHE_MODE = WEAK
Initialized RefSettings = {
  "doubleCacheMode" : "WEAK"
}
0 - [0, 0, 0]
1 - [1, 0, 0]
2 - [0, 1, 0]
3 - [1, 1, 0]
4 - [0, 0, 1]
5 - [1, 0, 1]
6 - [0, 1, 1]
7 - [1, 1, 1]
